<?xml version="1.0" encoding="UTF-8"?>
<!-- Generated by org.testng.reporters.JUnitXMLReporter -->
<testsuite hostname="AndruwaPC" ignored="0" name="Default test" tests="3" failures="0" timestamp="26 ноя 2017 08:40:07 GMT" time="0.044" errors="0">
  <testcase name="TestGetCount" time="0.011" classname="test.TestArticle"/>
  <testcase name="TestGetCount" time="0.002" classname="test.TestArticle"/>
  <testcase name="inputTest" time="0.001" classname="test.TestArticle"/>
</testsuite> <!-- Default test -->
