<?xml version="1.0" encoding="UTF-8"?>
<!-- Generated by org.testng.reporters.JUnitXMLReporter -->
<testsuite hostname="AndruwaPC" ignored="0" name="Default test" tests="4" failures="0" timestamp="26 ноя 2017 09:52:56 GMT" time="0.053" errors="0">
  <testcase name="counMagazinePages" time="0.02" classname="test.TestMagazine"/>
  <testcase name="countTest" time="0.002" classname="test.TestMagazine"/>
  <testcase name="findByWriterTest" time="0.002" classname="test.TestMagazine"/>
  <testcase name="inputTest" time="0.002" classname="test.TestMagazine"/>
</testsuite> <!-- Default test -->
